[2021-09-02T08:49:57.642] [INFO] default - local http server running at 8888
[2021-09-02T08:50:23.188] [INFO] default - receive request: /pushcar
[2021-09-02T08:53:47.013] [INFO] default - local http server running at 8888
[2021-09-02T08:53:48.252] [INFO] default - local http server running at 8888
[2021-09-02T08:53:51.185] [INFO] default - local http server running at 8888
[2021-09-02T08:53:52.240] [INFO] default - local http server running at 8888
[2021-09-02T08:53:56.987] [INFO] default - receive request: /pushcar
[2021-09-02T08:53:57.878] [INFO] default - receive request: /pushcar
[2021-09-02T08:53:58.100] [INFO] default - receive request: /pushcar
[2021-09-02T09:58:48.117] [INFO] default - local http server running at 8888
[2021-09-02T09:58:49.650] [INFO] default - local http server running at 8888
[2021-09-02T09:59:41.780] [INFO] default - receive request: /warningInfo
[2021-09-02T10:00:02.787] [INFO] default - receive request: /warningInfo
[2021-09-02T10:02:37.927] [INFO] default - local http server running at 8888
[2021-09-02T10:02:39.625] [INFO] default - local http server running at 8888
[2021-09-02T10:03:47.718] [INFO] default - local http server running at 8888
[2021-09-02T10:07:16.029] [INFO] default - local http server running at 8888
[2021-09-02T10:07:17.671] [INFO] default - local http server running at 8888
[2021-09-02T10:10:15.853] [INFO] default - local http server running at 8888
[2021-09-02T10:10:17.701] [INFO] default - local http server running at 8888
[2021-09-02T10:12:10.747] [INFO] default - local http server running at 8888
[2021-09-02T10:12:56.472] [INFO] default - local http server running at 8888
[2021-09-02T10:12:57.753] [INFO] default - local http server running at 8888
[2021-09-02T10:13:14.598] [INFO] default - local http server running at 8888
[2021-09-02T10:13:15.879] [INFO] default - local http server running at 8888
[2021-09-02T10:15:00.349] [INFO] default - local http server running at 8888
[2021-09-02T10:15:01.658] [INFO] default - local http server running at 8888
[2021-09-02T10:15:27.961] [INFO] default - local http server running at 8888
[2021-09-02T10:15:29.681] [INFO] default - local http server running at 8888
[2021-09-02T10:21:55.332] [INFO] default - local http server running at 8888
[2021-09-02T10:21:56.686] [INFO] default - local http server running at 8888
[2021-09-02T10:22:01.935] [INFO] default - receive request: /warningInfo?info=321
[2021-09-02T10:23:32.237] [INFO] default - local http server running at 8888
[2021-09-02T10:23:33.380] [INFO] default - local http server running at 8888
[2021-09-02T10:23:45.096] [INFO] default - receive request: /warningInfo?warningInfo=%E9%94%99%E8%AF%AF%E4%BF%A1%E6%81%AF
[2021-09-02T10:24:15.184] [INFO] default - local http server running at 8888
[2021-09-02T10:24:16.466] [INFO] default - local http server running at 8888
[2021-09-02T10:24:17.316] [INFO] default - receive request: /warningInfo?warningInfo=%E9%94%99%E8%AF%AF%E4%BF%A1%E6%81%AF
[2021-09-02T10:24:30.113] [INFO] default - local http server running at 8888
[2021-09-02T10:24:31.333] [INFO] default - local http server running at 8888
[2021-09-02T10:24:32.015] [INFO] default - receive request: /warningInfo?warningInfo=%E9%94%99%E8%AF%AF%E4%BF%A1%E6%81%AF
[2021-09-02T10:24:32.380] [INFO] default - receive request: /warningInfo?warningInfo=%E9%94%99%E8%AF%AF%E4%BF%A1%E6%81%AF
[2021-09-02T10:24:56.979] [INFO] default - local http server running at 8888
[2021-09-02T10:24:58.113] [INFO] default - local http server running at 8888
[2021-09-02T10:25:06.150] [INFO] default - receive request: /warningInfo?warningInfo=%E9%94%99%E8%AF%AF%E4%BF%A1%E6%81%AF
[2021-09-02T10:25:59.838] [INFO] default - local http server running at 8888
[2021-09-02T10:26:01.116] [INFO] default - local http server running at 8888
[2021-09-02T10:26:28.684] [INFO] default - receive request: /warningInfo
[2021-09-02T10:27:47.978] [INFO] default - local http server running at 8888
[2021-09-02T10:27:49.254] [INFO] default - local http server running at 8888
[2021-09-02T10:28:19.314] [INFO] default - local http server running at 8888
[2021-09-02T10:28:20.549] [INFO] default - local http server running at 8888
[2021-09-02T10:43:46.181] [INFO] default - local http server running at 8888
[2021-09-02T10:43:47.472] [INFO] default - local http server running at 8888
[2021-09-02T10:55:58.407] [INFO] default - local http server running at 8888
[2021-09-02T10:55:59.735] [INFO] default - local http server running at 8888
[2021-09-02T10:58:08.240] [INFO] default - local http server running at 8888
[2021-09-02T10:58:09.667] [INFO] default - local http server running at 8888
[2021-09-02T11:04:29.663] [INFO] default - local http server running at 8888
[2021-09-02T11:04:31.655] [INFO] default - local http server running at 8888
[2021-09-02T11:15:12.969] [INFO] default - local http server running at 8888
[2021-09-02T11:15:14.063] [INFO] default - local http server running at 8888
[2021-09-02T11:32:10.344] [INFO] default - local http server running at 8888
[2021-09-02T11:32:11.501] [INFO] default - local http server running at 8888
[2021-09-02T11:40:48.643] [INFO] default - local http server running at 8888
[2021-09-02T11:40:50.736] [INFO] default - local http server running at 8888
[2021-09-02T11:56:03.054] [INFO] default - local http server running at 8888
[2021-09-02T11:56:04.775] [INFO] default - local http server running at 8888
[2021-09-02T11:56:12.692] [INFO] default - receive request: /pushPoundInfo?carNo=123&grossWeight=123&tareWeight=123&netWeight=123
[2021-09-02T11:57:34.499] [INFO] default - local http server running at 8888
[2021-09-02T11:57:35.664] [INFO] default - local http server running at 8888
[2021-09-02T11:57:57.191] [INFO] default - receive request: /pushPoundInfo?carNo=123&grossWeight=123&tareWeight=123&netWeight=123
[2021-09-02T11:58:02.284] [INFO] default - receive request: /pushPoundInfo?carNo=123&grossWeight=123&tareWeight=123&netWeight=123
[2021-09-02T11:59:50.567] [INFO] default - receive request: /warningInfo?warningInfo=%E8%BD%A6%E7%89%8C%E5%8F%B7%E4%B8%8D%E8%83%BD%E9%87%8D%E5%A4%8D%E9%AA%8C%E8%AF%81
[2021-09-02T12:23:07.553] [INFO] default - local http server running at 8888
[2021-09-02T12:23:08.794] [INFO] default - local http server running at 8888
[2021-09-02T12:25:14.346] [INFO] default - local http server running at 8888
[2021-09-02T13:18:31.341] [INFO] default - local http server running at 8888
[2021-09-02T13:37:16.945] [INFO] default - local http server running at 8888
[2021-09-02T13:40:52.850] [INFO] default - local http server running at 8888
[2021-09-02T13:47:25.402] [INFO] default - local http server running at 8888
[2021-09-02T13:47:26.594] [INFO] default - local http server running at 8888
[2021-09-02T13:48:44.543] [INFO] default - local http server running at 8888
[2021-09-02T13:48:45.901] [INFO] default - local http server running at 8888
[2021-09-02T13:49:04.075] [INFO] default - receive request: /pushPoundInfo?carNo=123&grossWeight=123&tareWeight=123&netWeight=123
[2021-09-02T13:50:06.229] [INFO] default - receive request: /warningInfo?warningInfo=%E8%BD%A6%E7%89%8C%E5%8F%B7%E4%B8%8D%E8%83%BD%E9%87%8D%E5%A4%8D%E9%AA%8C%E8%AF%81
[2021-09-02T13:50:26.269] [INFO] default - local http server running at 8888
[2021-09-02T13:50:27.513] [INFO] default - local http server running at 8888
[2021-09-02T13:50:33.912] [INFO] default - receive request: /warningInfo?warningInfo=%E8%BD%A6%E7%89%8C%E5%8F%B7%E4%B8%8D%E8%83%BD%E9%87%8D%E5%A4%8D%E9%AA%8C%E8%AF%81
[2021-09-02T13:56:56.732] [INFO] default - receive request: /warningInfo
[2021-09-02T13:58:11.660] [INFO] default - receive request: /warningInfo
[2021-09-02T13:58:39.519] [INFO] default - receive request: /warningInfo?info=321
[2021-09-02T13:58:47.591] [INFO] default - receive request: /warningInfo?warning=321
[2021-09-02T13:59:23.090] [INFO] default - receive request: /warningInfo?warningInfo=%E8%BD%A6%E7%89%8C%E5%8F%B7%E4%B8%8D%E8%83%BD%E9%87%8D%E5%A4%8D%E9%AA%8C%E8%AF%81
[2021-09-02T13:59:23.206] [INFO] default - receive request: /favicon.ico
[2021-09-02T14:00:17.438] [INFO] default - receive request: /pushPoundInfo?carNo=123&grossWeight=123&tareWeight=123&netWeight=123
[2021-09-02T14:00:17.525] [INFO] default - receive request: /favicon.ico
[2021-09-02T14:01:38.759] [INFO] default - local http server running at 8888
[2021-09-02T14:01:39.974] [INFO] default - local http server running at 8888
[2021-09-02T14:01:44.317] [INFO] default - receive request: /warningInfo?warningInfo=%E8%BD%A6%E7%89%8C%E5%8F%B7%E4%B8%8D%E8%83%BD%E9%87%8D%E5%A4%8D%E9%AA%8C%E8%AF%81
[2021-09-02T14:01:44.362] [INFO] default - receive request: /favicon.ico
[2021-09-02T14:03:01.385] [INFO] default - receive request: /warningInfo
[2021-09-02T14:03:01.422] [INFO] default - receive request: /favicon.ico
[2021-09-02T14:05:34.106] [INFO] default - receive request: /warningInfo
[2021-09-02T14:05:34.143] [INFO] default - receive request: /favicon.ico
[2021-09-02T14:05:35.515] [INFO] default - receive request: /warningInfo
[2021-09-02T14:05:35.556] [INFO] default - receive request: /favicon.ico
[2021-09-02T14:06:03.099] [INFO] default - receive request: /warningInfo
[2021-09-02T14:06:03.132] [INFO] default - receive request: /favicon.ico
[2021-09-02T14:06:04.222] [INFO] default - receive request: /warningInfo
[2021-09-02T14:06:04.261] [INFO] default - receive request: /favicon.ico
[2021-09-02T14:06:07.321] [INFO] default - receive request: /warningInfo
[2021-09-02T14:06:07.350] [INFO] default - receive request: /favicon.ico
[2021-09-02T14:06:48.192] [INFO] default - local http server running at 8888
[2021-09-02T14:06:49.949] [INFO] default - local http server running at 8888
[2021-09-02T14:06:53.586] [INFO] default - receive request: /warningInfo
[2021-09-02T14:06:53.626] [INFO] default - receive request: /favicon.ico
[2021-09-02T14:08:11.119] [INFO] default - local http server running at 8888
[2021-09-02T14:08:13.049] [INFO] default - local http server running at 8888
[2021-09-02T14:08:19.271] [INFO] default - receive request: /pushPoundInfo?carNo=123&grossWeight=123&tareWeight=123&netWeight=123
[2021-09-02T14:08:19.295] [INFO] default - receive request: /favicon.ico
[2021-09-02T14:08:40.486] [INFO] default - receive request: /warningInfo
[2021-09-02T14:08:40.530] [INFO] default - receive request: /favicon.ico
[2021-09-02T14:09:15.271] [INFO] default - receive request: /warningInfo?warningInfo=ddd
[2021-09-02T14:09:15.307] [INFO] default - receive request: /favicon.ico
[2021-09-02T14:09:18.216] [INFO] default - receive request: /warningInfo?warningInfo=ddd
[2021-09-02T14:09:18.260] [INFO] default - receive request: /favicon.ico
[2021-09-02T14:10:12.263] [INFO] default - receive request: /warningInfo
[2021-09-02T14:10:12.396] [INFO] default - receive request: /favicon.ico
[2021-09-02T14:10:28.607] [INFO] default - receive request: /pushPoundInfo?carNo=123&grossWeight=123&tareWeight=123&netWeight=123
[2021-09-02T14:10:28.639] [INFO] default - receive request: /favicon.ico
[2021-09-02T14:24:22.893] [INFO] default - local http server running at 8888
[2021-09-02T14:24:24.003] [INFO] default - local http server running at 8888
[2021-09-02T14:34:47.772] [INFO] default - local http server running at 8888
[2021-09-02T14:42:34.031] [INFO] default - receive request: /warningInfo
[2021-09-02T14:42:34.183] [INFO] default - receive request: /favicon.ico
[2021-09-02T14:45:16.409] [INFO] default - receive request: /warningInfo
[2021-09-02T14:45:16.484] [INFO] default - receive request: /favicon.ico
[2021-09-02T15:17:49.309] [INFO] default - local http server running at 8888
[2021-09-02T15:17:51.748] [INFO] default - local http server running at 8888
[2021-09-02T15:21:26.832] [INFO] default - local http server running at 8888
[2021-09-02T15:23:53.760] [INFO] default - local http server running at 8888
[2021-09-02T15:24:32.052] [INFO] default - local http server running at 8888
[2021-09-02T15:27:38.193] [INFO] default - local http server running at 8888
[2021-09-02T15:27:50.014] [INFO] default - receive request: /favicon.ico
[2021-09-02T15:33:12.559] [INFO] default - local http server running at 8888
[2021-09-02T15:33:14.160] [INFO] default - local http server running at 8888
[2021-09-02T15:40:27.279] [INFO] default - local http server running at 8888
[2021-09-02T15:42:12.215] [INFO] default - local http server running at 8888
[2021-09-02T15:49:54.156] [INFO] default - local http server running at 8888
[2021-09-02T15:50:25.341] [INFO] default - local http server running at 8888
[2021-09-02T15:51:18.139] [INFO] default - local http server running at 8888
[2021-09-02T15:59:03.841] [INFO] default - local http server running at 8888
[2021-09-02T15:59:15.081] [INFO] default - local http server running at 8888
[2021-09-02T16:02:36.469] [INFO] default - local http server running at 8888
[2021-09-02T16:03:45.070] [INFO] default - local http server running at 8888
[2021-09-02T16:15:01.492] [INFO] default - local http server running at 8888
[2021-09-02T16:16:24.891] [INFO] default - local http server running at 8888
[2021-09-02T16:18:30.180] [INFO] default - local http server running at 8888
[2021-09-02T16:19:23.475] [INFO] default - local http server running at 8888
[2021-09-02T16:22:43.220] [INFO] default - local http server running at 8888
[2021-09-02T16:22:45.092] [INFO] default - local http server running at 8888
[2021-09-02T16:23:24.513] [INFO] default - receive request: /pushPoundInfo?carNo=123&grossWeight=123&tareWeight=123&netWeight=123
[2021-09-02T16:23:49.764] [INFO] default - receive request: /warningInfo?warningInfo=%E8%BD%A6%E7%89%8C%E5%8F%B7%E4%B8%8D%E8%83%BD%E9%87%8D%E5%A4%8D%E9%AA%8C%E8%AF%81
[2021-09-02T16:25:44.999] [INFO] default - local http server running at 8888
[2021-09-02T16:26:11.358] [INFO] default - local http server running at 8888
[2021-09-02T16:26:35.163] [INFO] default - local http server running at 8888
[2021-09-02T16:26:50.710] [INFO] default - receive request: /warningInfo
[2021-09-02T16:27:00.486] [INFO] default - receive request: /warningInfo?warningInfo=%E8%BD%A6%E7%89%8C%E5%8F%B7%E4%B8%8D%E8%83%BD%E9%87%8D%E5%A4%8D%E9%AA%8C%E8%AF%81
[2021-09-02T16:49:45.477] [INFO] default - local http server running at 8888
[2021-09-02T16:54:01.863] [INFO] default - local http server running at 8888
[2021-09-02T16:54:49.614] [INFO] default - local http server running at 8888
[2021-09-02T16:55:02.185] [INFO] default - receive request: /warningInfo?warningInfo=%E8%BD%A6%E7%89%8C%E5%8F%B7%E4%B8%8D%E8%83%BD%E9%87%8D%E5%A4%8D%E9%AA%8C%E8%AF%81
